<?xml version="1.0" encoding="UTF-8"?>
<!-- Generated by org.testng.reporters.JUnitReportReporter -->
<testsuite hostname="apoorv-Aspire-A715-75G" failures="0" tests="1" name="pages.HomePage" time="0.760" errors="0" timestamp="2023-03-11T11:54:34 IST" skipped="0">
  <testcase classname="pages.HomePage" name="clickOPtions" time="0.760"/>
  <system-out/>
</testsuite> <!-- pages.HomePage -->
